1460991477
1460991477
1460991478
1460991478
1460991479
1460991479
1460991480
gotten
1460991485
1460991486
1460991486
1460991487
1460991487
1460991488
1460991488
1460991489
1460991489
1460991490
1460991490
1460991491
1460991491
1460991492
1460991492
1460991493
1460991493
1460991494
1460991494
1460991495
1460991495
1460991496
1460991496
1460991497
1460991497
1460991498
1460991498
1460991499
1460991499
1460991500
1460991500
1460991501
1460991501
1460991502
1460991502
1460991503
1460991503
1460991504
1460991504
1460991505
1460991505
1460991506
1460991506
1460991507
1460991507
1460991508
1460991508
1460991509
1460991509
1460991510
1460991510
1460991511
1460991511
1460991512
1460991512
1460991513
1460991513
1460991514
1460991514
1460991515
1460991515
1460991516
1460991516
1460991517
1460991517
1460991518
1460991518
1460991519
1460991519
1460991520
1460991520
1460991521
1460991521
1460991522
1460991522
1460991523
1460991523
1460991524
1460991524
1460991525
1460991525
1460991526
1460991526
1460991527
1460991527
1460991528
1460991528
1460991529
1460991529
1460991530
1460991530
1460991531
1460991531
1460991532
1460991532
1460991533
1460991533
1460991534
1460991534
1460991535
1460991535
1460991536
1460991536
1460991537
1460991537
1460991538
1460991538
1460991539
1460991539
1460991540
gotten
1460991543
1460991543
1460991544
1460991544
1460991545
1460991545
1460991546
1460991546
1460991547
1460991547
1460991548
1460991548
1460991549
1460991549
1460991550
1460991550
1460991551
1460991551
1460991552
1460991552
1460991553
1460991553
1460991554
1460991554
1460991555
1460991555
1460991556
1460991556
1460991557
1460991557
1460991558
1460991558
1460991559
1460991559
1460991560
1460991560
1460991561
1460991561
1460991562
1460991562
1460991563
1460991563
1460991564
1460991564
1460991565
1460991565
1460991566
1460991566
1460991567
1460991567
1460991568
1460991568
1460991569
1460991569
1460991570
1460991570
1460991571
1460991571
1460991572
1460991572
1460991573
1460991573
1460991574
1460991574
1460991575
1460991575
1460991576
1460991576
1460991577
1460991577
1460991578
1460991578
1460991579
1460991579
1460991580
1460991580
1460991581
1460991581
1460991582
1460991582
1460991583
1460991583
1460991584
1460991584
1460991585
1460991585
1460991586
1460991586
1460991587
1460991587
1460991588
1460991588
1460991589
1460991589
1460991590
1460991590
1460991591
1460991591
1460991592
1460991592
1460991593
1460991593
1460991594
1460991594
1460991595
1460991595
1460991596
1460991596
1460991597
1460991597
1460991598
1460991598
1460991599
1460991599
1460991600
gotten
1460991606
1460991607
1460991607
1460991608
1460991608
1460991609
1460991609
1460991610
1460991610
1460991611
1460991611
1460991612
1460991612
1460991613
1460991613
1460991614
1460991614
1460991615
1460991615
1460991616
1460991616
1460991617
1460991617
1460991618
1460991618
1460991619
1460991619
1460991620
1460991620
1460991621
1460991621
1460991622
1460991622
1460991623
1460991623
1460991624
1460991624
1460991625
1460991625
1460991626
1460991626
1460991627
1460991627
1460991628
1460991628
1460991629
1460991629
1460991630
1460991630
1460991631
1460991631
1460991632
1460991632
1460991633
1460991633
1460991634
1460991634
1460991635
1460991635
1460991636
1460991636
1460991637
1460991637
1460991638
1460991638
1460991639
1460991639
1460991640
1460991640
1460991641
1460991641
1460991642
1460991642
1460991643
1460991643
1460991644
1460991644
1460991645
1460991645
1460991646
1460991646
1460991647
1460991647
1460991648
1460991648
1460991649
1460991649
1460991650
1460991650
1460991651
1460991651
1460991652
1460991652
1460991653
1460991653
1460991654
1460991654
1460991655
1460991655
1460991656
1460991656
1460991657
1460991657
1460991658
1460991658
1460991659
1460991659
1460991660
gotten
1460991663
1460991663
1460991664
1460991664
1460991665
1460991665
1460991666
1460991666
1460991667
1460991667
1460991668
1460991668
1460991669
1460991669
1460991670
1460991670
1460991671
1460991671
1460991672
1460991672
1460991673
1460991673
1460991674
1460991674
1460991675
1460991675
1460991676
1460991676
1460991677
1460991677
1460991678
1460991678
1460991679
1460991679
1460991680
1460991680
1460991681
1460991681
1460991682
1460991682
1460991683
1460991683
1460991684
1460991684
1460991685
1460991685
1460991686
1460991686
1460991687
1460991687
1460991688
1460991688
1460991689
1460991689
1460991690
1460991690
1460991691
1460991691
1460991692
1460991692
1460991693
1460991693
1460991694
1460991694
1460991695
1460991695
1460991696
1460991696
1460991697
1460991697
1460991698
1460991698
1460991699
1460991699
1460991700
1460991700
1460991701
1460991701
1460991702
1460991702
1460991703
1460991703
1460991704
1460991704
1460991705
1460991705
1460991706
1460991706
1460991707
1460991707
1460991708
1460991708
1460991709
1460991709
1460991710
1460991710
1460991711
1460991711
1460991712
1460991712
1460991713
1460991713
1460991714
1460991714
1460991715
1460991715
1460991716
1460991716
1460991717
1460991717
1460991718
1460991718
1460991719
1460991719
1460991720
gotten
1460991727
1460991727
1460991728
1460991728
1460991729
1460991729
1460991730
1460991730
1460991731
1460991731
1460991732
1460991732
1460991733
1460991733
1460991734
1460991734
1460991735
1460991735
1460991736
1460991736
1460991737
1460991737
1460991738
1460991738
1460991739
1460991739
1460991740
1460991740
1460991741
1460991741
1460991742
1460991742
1460991743
1460991743
1460991744
1460991744
1460991745
1460991745
1460991746
1460991746
1460991747
1460991747
1460991748
1460991748
1460991749
1460991749
1460991750
1460991750
1460991751
1460991751
1460991752
1460991752
1460991753
1460991753
1460991754
1460991754
1460991755
1460991755
1460991756
1460991756
1460991757
1460991757
1460991758
1460991758
1460991759
1460991759
1460991760
1460991760
1460991761
1460991761
1460991762
1460991762
1460991763
1460991763
1460991764
1460991764
1460991765
1460991765
1460991766
1460991766
1460991767
1460991767
1460991768
1460991768
1460991769
1460991769
1460991770
1460991770
1460991771
1460991771
1460991772
1460991772
1460991773
1460991773
1460991774
1460991774
1460991775
1460991775
1460991776
1460991776
1460991777
1460991777
1460991778
1460991778
1460991779
1460991779
1460991780
gotten
1460991787
1460991788
1460991788
1460991789
1460991789
1460991790
1460991790
1460991791
1460991791
1460991792
1460991792
1460991793
1460991793
1460991794
1460991794
1460991795
1460991795
1460991796
1460991796
1460991797
1460991797
1460991798
1460991798
1460991799
1460991799
1460991800
1460991800
1460991801
1460991801
1460991802
1460991802
1460991803
1460991803
1460991804
1460991804
1460991805
1460991805
1460991806
1460991806
1460991807
1460991807
1460991808
1460991808
1460991809
1460991809
1460991810
1460991810
1460991811
1460991811
1460991812
1460991812
1460991813
1460991813
1460991814
1460991814
1460991815
1460991815
1460991816
1460991816
1460991817
1460991817
1460991818
1460991818
1460991819
1460991819
1460991820
1460991820
1460991821
1460991821
1460991822
1460991822
1460991823
1460991823
1460991824
1460991824
1460991825
1460991825
1460991826
1460991826
1460991827
1460991827
1460991828
1460991828
1460991829
1460991829
1460991830
1460991830
1460991831
1460991831
1460991832
1460991832
1460991833
1460991833
1460991834
1460991834
1460991835
1460991835
1460991836
1460991836
1460991837
1460991837
1460991838
1460991838
1460991839
1460991839
1460991840
gotten
1460991844
1460991845
1460991845
1460991846
1460991846
1460991847
1460991847
1460991848
1460991848
1460991849
1460991849
1460991850
1460991850
1460991851
1460991851
1460991852
1460991852
1460991853
1460991853
1460991854
1460991854
1460991855
1460991855
1460991856
1460991856
1460991857
1460991857
1460991858
1460991858
1460991859
1460991859
1460991860
1460991860
1460991861
1460991861
1460991862
1460991862
1460991863
1460991863
1460991864
1460991864
1460991865
1460991865
1460991866
1460991866
1460991867
1460991867
1460991868
1460991868
1460991869
1460991869
1460991870
1460991870
1460991871
1460991871
1460991872
1460991872
1460991873
1460991873
1460991874
1460991874
1460991875
1460991875
1460991876
1460991876
1460991877
1460991877
1460991878
1460991878
1460991879
1460991879
1460991880
1461460992210
1460992210
1460992211
1460992211
1460992212
1460992212
1460992213
1460992213
1460992214
1460992214
1460992215
1460992215
1460992216
1460992216
1460992217
1460992217
1460992218
1460992218
1460992219
1460992219
1460992220
1460992220
1460992221
1460992221
1460992222
1460992222
1460992223
1460992223
1460992224
1460992224
1460992225
1460992225
1460992226
1460992226
1460992227
1460992227
1460992228
1460992228
1460992229
1460992229
1460992230
1460992230
1460992231
1460992231
1460992232
1460992232
1460992233
1460992233
1460992234
1460992235
1460992235
1460992236
1460992236
1460992237
1460992237
1460992238
1460992238
1460992239
1460992239
1460992240
1460992240
1460992241
1460992241
1460992242
1460992242
1460992243
1460992243
1460992244
1460992244
1460992245
1460992245
1460992246
1460992246
1460992247
1460992247
1460992248
1460992248
1460992249
1460992249
1460992250
1460992250
1460992251
1460992251
1460992252
1460992252
1460992253
1460992253
1460992254
1460992254
1460992255
1460992255
1460992256
1460992256
1460992257
1460992257
1460992258
1460992258
1460992259
1460992259
1460992260
gotten
1460992266
1460992266
1460992267
1460992267
1460992268
1460992268
1460992269
1460992269
1460992270
1460992270
1460992271
1460992271
1460992272
1460992272
1460992273
1460992273
1460992274
1460992274
1460992275
1460992275
1460992276
1460992276
1460992277
1460992277
1460992278
1460992278
1460992279
1460992279
1460992280
1460992280
1460992281
1460992281
1460992282
1460992282
1460992283
1460992283
1460992284
1460992284
1460992285
1460992285
1460992286
1460992286
1460992287
1460992287
1460992288
1460992288
1460992289
1460992289
1460992290
1460992290
1460992291
1460992291
1460992292
1460992292
1460992293
1460992293
1460992294
1460992294
1460992295
1460992295
1460992296
1460992296
1460992297
1460992297
1460992298
1460992298
1460992299
1460992299
1460992300
1460992300
1460992301
1460992301
1460992302
1460992302
1460992303
1460992303
1460992304
1460992304
1460992305
1460992305
1460992306
1460992306
1460992307
1460992307
1460992308
1460992308
1460992309
1460992309
1460992310
1460992310
1460992311
1460992311
1460992312
1460992312
1460992313
1460992313
1460992314
1460992314
1460992315
1460992315
1460992316
1460992316
1460992317
1460992317
1460992318
1460992318
1460992319
1460992319
1460992320
gotten
1460992324
1460992325
1460992325
1460992326
1460992326
1460992327
1460992327
1460992328
1460992328
1460992329
1460992329
1460992330
1460992330
1460992331
1460992331
1460992332
1460992332
1460992333
1460992333
1460992334
1460992334
1460992335
1460992335
1460992336
1460992336
1460992337
1460992337
1460992338
1460992338
1460992339
1460992339
1460992340
1460992340
1460992341
1460992341
1460992342
1460992342
1460992343
1460992343
1460992344
1460992344
1460992345
1460992345
1460992346
1460992346
1460992347
1460992347
1460992348
1460992348
1460992349
1460992349
1460992350
1460992350
1460992351
1460992351
1460992352
1460992352
1460992353
1460992353
1460992354
1460992354
1460992355
1460992355
1460992356
1460992356
1460992357
1460992357
1460992358
1460992358
1460992359
1460992359
1460992360
1460992360
1460992361
1460992361
1460992362
1460992362
1460992363
1460992363
1460992364
1460992364
1460992365
1460992365
1460992366
1460992366
1460992367
1460992367
1460992368
1460992368
1460992369
1460992369
1460992370
1460992370
1460992371
1460992371
1460992372
1460992372
1460992373
1460992373
1460992374
1460992374
1460992375
1460992375
1460992376
1460992376
1460992377
1460992377
1460992378
1460992378
1460992379
1460992379
1460992380
gotten
1460992382
1460992383
1460992383
1460992384
1460992384
1460992385
1460992385
1460992386
1460992386
1460992387
1460992387
1460992388
1460992388
1460992389
1460992389
1460992390
1460992390
1460992391
1460992391
1460992392
1460992392
1460992393
1460992393
1460992394
1460992394
1460992395
1460992395
1460992396
1460992396
1460992397
1460992397
1460992398
1460992398
1460992399
1460992399
1460992400
1460992400
1460992401
1460992401
1460992402
1460992402
1460992403
1460992403
1460992404
1460992404
1460992405
1460992405
1460992406
1460992406
1460992407
1460992407
1460992408
1460992408
1460992409
1460992409
1460992410
1460992410
1460992411
1460992411
1460992412
1460992412
1460992413
1460992413
1460992414
1460992414
1460992415
1460992415
1460992416
1460992416
1460992417
1460992417
1460992418
1460992418
1460992419
1460992419
1460992420
1460992420
1460992421
1460992421
1460992422
1460992422
1460992423
1460992423
1460992424
1460992424
1460992425
1460992425
1460992426
1460992426
1460992427
1460992427
1460992428
1460992428
1460992429
1460992429
1460992430
1460992430
1460992431
1460992431
1460992432
1460992432
1460992433
1460992433
1460992434
1460992434
1460992435
1460992435
1460992436
1460992436
1460992437
1460992437
1460992438
1460992438
1460992439
1460992439
1460992440
gotten
1460992449
1460992450
1460992450
1460992451
1460992451
1460992452
1460992452
1460992453
1460992453
1460992454
1460992454
1460992455
1460992455
1460992456
1460992456
1460992457
1460992457
1460992458
1460992458
1460992459
1460992459
1460992460
1460992460
1460992461
1460992461
1460992462
1460992462
1460992463
1460992463
1460992464
1460992464
1460992465
1460992465
1460992466
1460992466
1460992467
1460992467
1460992468
1460992468
1460992469
1460992469
1460992470
1460992470
1460992471
1460992471
1460992472
1460992472
1460992473
1460992473
1460992474
1460992474
1460992475
1460992475
1460992476
1460992476
1460992477
1460992477
1460992478
1460992478
1460992479
1460992479
1460992480
1460992480
1460992481
1460992481
1460992482
1460992482
1460992483
1460992483
1460992484
1460992484
1460992485
1460992485
1460992486
1460992486
1460992487
1460992487
1460992488
1460992488
1460992489
1460992489
1460992490
1460992490
1460992491
1460992491
1460992492
1460992492
1460992493
1460992493
1460992494
1460992494
1460992495
1460992495
1460992496
1460992496
1460992497
1460992497
1460992498
1460992498
1460992499
1460992499
1460992500
gotten
1460992507
1460992508
1460992508
1460992509
1460992509
1460992510
1460992510
1460992511
1460992511
1460992512
1460992512
1460992513
1460992513
1460992514
1460992514
1460992515
1460992515
1460992516
1460992516
1460992517
1460992517
1460992518
1460992518
1460992519
1460992519
1460992520
1460992520
1460992521
1460992521
1460992522
1460992522
1460992523
1460992523
1460992524
1460992524
1460992525
1460992525
1460992526
1460992526
1460992527
1460992527
1460992528
1460992528
1460992529
1460992529
1460992530
1460992530
1460992531
1460992531
1460992532
1460992532
1460992533
1460992533
1460992534
1460992534
1460992535
1460992535
1460992536
1460992536
1460992537
1460992537
1460992538
1460992538
1460992539
1460992539
1460992540
1460992540
1460992541
1460992541
1460992542
1460992542
1460992543
1460992543
1460992544
1460992544
1460992545
1460992545
1460992546
1460992546
1460992547
1460992547
1460992548
1460992548
1460992549
1460992549
1460992550
1460992550
1460992551
1460992551
1460992552
1460992552
1460992553
1460992553
1460992554
1460992554
1460992555
1460992555
1460992556
1460992556
1460992557
1460992557
1460992558
1460992558
1460992559
1460992559
1460992560
gotten
1460992566
1460992566
1460992567
1460992567
1460992568
1460992568
1460992569
1460992569
1460992570
1460992570
1460992571
1460992571
1460992572
1460992572
1460992573
1460992573
1460992574
1460992574
1460992575
1460992575
1460992576
1460992576
1460992577
1460992577
1460992578
1460992578
1460992579
1460992579
1460992580
1460992580
1460992581
1460992581
1460992582
1460992582
1460992583
1460992583
1460992584
1460992584
1460992585
1460992585
1460992586
1460992586
1460992587
1460992587
1460992588
1460992588
1460992589
1460992589
1460992590
1460992590
1460992591
1460992591
1460992592
1460992592
1460992593
1460992593
1460992594
1460992594
1460992595
1460992595
1460992596
1460992596
1460992597
1460992597
1460992598
1460992598
1460992599
1460992599
1460992600
1460992600
1460992601
1460992601
1460992602
1460992602
1460992603
1460992603
1460992604
1460992604
1460992605
1460992605
1460992606
1460992606
1460992607
1460992607
1460992608
1460992608
1460992609
1460992609
1460992610
1460992610
1460992611
1460992611
1460992612
1460992612
1460992613
1460992613
1460992614
1460992614
1460992615
1460992615
1460992616
1460992616
1460992617
1460992617
1460992618
1460992618
1460992619
1460992619
1460992620
gotten
1460992622
1460992623
1460992623
1460992624
1460992624
1460992625
1460992625
1460992626
1460992626
1460992627
1460992627
1460992628
1460992628
1460992629
1460992629
1460992630
1460992630
1460992631
1460992631
1460992632
1460992632
1460992633
1460992633
1460992634
1460992634
1460992635
1460992635
1460992636
1460992636
1460992637
1460992637
1460992638
1460992638
1460992639
1460992639
1460992640
1460992640
1460992641
1460992641
1460992642
1460992642
1460992643
1460992643
1460992644
1460992644
1460992645
1460992645
1460992646
1460992646
1460992647
1460992647
1460992648
1460992648
1460992649
1460992649
1460992650
1460992650
1460992651
1460992651
1460992652
1460992652
1460992653
1460992653
1460992654
1460992654
1460992655
1460992655
1460992656
1460992656
1460992657
1460992657
1460992658
1460992658
1460992659
1460992659
1460992660
1460992660
1460992661
1460992661
1460992662
1460992662
1460992663
1460992663
1460992664
1460992664
1460992665
1460992665
1460992666
1460992666
1460992667
1460992667
1460992668
1460992668
1460992669
1460992669
1460992670
1460992670
1460992671
1460992671
1460992672
1460992672
1460992673
1460992673
1460992674
1460992674
1460992675
1460992675
1460992676
1460992676
1460992677
1460992677
1460992678
1460992678
1460992679
1460992679
1460992680
gotten
1460992682
1460992683
1460992683
1460992684
1460992684
1460992685
1460992685
1460992686
1460992686
1460992687
1460992687
1460992688
1460992688
1460992689
1460992689
1460992690
1460992690
1460992691
1460992691
1460992692
1460992692
1460992693
1460992693
1460992694
1460992694
1460992695
1460992695
1460992696
1460992696
1460992697
1460992697
1460992698
1460992698
1460992699
1460992699
1460992700
1460992700
1460992701
1460992701
1460992702
1460992702
1460992703
1460992703
1460992704
1460992704
1460992705
1460992705
1460992706
1460992706
1460992707
1460992707
1460992708
1460992708
1460992709
1460992709
1460992710
1460992710
1460992711
1460992711
1460992712
1460992712
1460992713
1460992713
1460992714
1460992714
1460992715
1460992715
1460992716
1460992716
1460992717
1460992717
1460992718
1460992718
1460992719
1460992719
1460992720
1460992720
1460992721
1460992721
1460992722
1460992722
1460992723
1460992723
1460992724
1460992724
1460992725
1460992725
1460992726
1460992726
1460992727
1460992727
1460992728
1460992728
1460992729
1460992729
1460992730
1460992730
1460992731
1460992731
1460992732
1460992732
1460992733
1460992733
1460992734
1460992734
1460992735
1460992735
1460992736
1460992736
1460992737
1460992737
1460992738
1460992738
1460992739
1460992739
1460992740
gotten
1460992745
1460992745
1460992746
1460992746
1460992747
1460992747
1460992748
1460992748
1460992749
1460992749
1460992750
1460992750
1460992751
1460992751
1460992752
1460992752
1460992753
1460992753
1460992754
1460992754
1460992755
1460992755
1460992756
1460992756
1460992757
1460992757
1460992758
1460992758
1460992759
1460992759
1460992760
1460992760
1460992761
1460992761
1460992762
1460992762
1460992763
1460992763
1460992764
1460992764
1460992765
1460992765
1460992766
1460992766
1460992767
1460992767
1460992768
1460992768
1460992769
1460992769
1460992770
1460992770
1460992771
1460992771
1460992772
1460992772
1460992773
1460992773
1460992774
1460992774
1460992775
1460992775
1460992776
1460992776
1460992777
1460992777
1460992778
1460992778
1460992779
1460992779
1460992780
1460992780
1460992781
1460992781
1460992782
1460992782
1460992783
1460992783
1460992784
1460992784
1460992785
1460992785
1460992786
1460992786
1460992787
1460992787
1460992788
1460992788
1460992789
1460992789
1460992790
1460992790
1460992791
1460992791
1460992792
1460992792
1460992793
1460992793
1460992794
1460992794
1460992795
1460992795
1460992796
1460992796
1460992797
1460992797
1460992798
1460992798
1460992799
1460992799
1460992800
gotten
1460992805
1460992805
1460992806
1460992806
1460992807
1460992807
1460992808
1460992808
1460992809
1460992809
1460992810
1460992810
1460992811
146099281460992874
1460992874
1460992875
1460992876
1460992877
1460992878
1460992879
1460992880
1460992881
1460992882
1460992883
1460992883
1460992884
1460992885
1460992886
1460992887
1460992888
1460992889
1460992890
1460992891
1460992892
1460992892
1460992893
1460992894
1460992895
1460992896
1460992897
1460992898
1460992899
1460992900
1460992901
1460992901
1460992902
1460992903
1460992904
1460992905
1460992906
1460992907
1460992908
1460992909
1460992910
1460992910
1460992911
1460992912
1460992913
1460992914
1460992915
1460992916
1460992917
1460992918
1460992919
1460992919
1460992920
